
  ╔══════════════════════════════════════════════╗
  ║         AlphaCore — Investment Platform      ║
  ╚══════════════════════════════════════════════╝


[0;34m▶ Checking Python environment[0m
[0;32m✓ Python environment ready[0m

[0;34m▶ Running database migrations[0m
  Applying socialaccount.0004_app_provider_id_settings... OK
  Applying socialaccount.0005_socialtoken_nullable_app... OK
  Applying socialaccount.0006_alter_socialaccount_extra_data... OK
Setting up DynamoDB tables...
Error: No module named 'dynamo'
[0;32m✓ Database + DynamoDB tables ready[0m

[0;34m▶ Building frontend[0m
    at Object.rmSync (node:fs:1271:10)
    at emptyDir (file:///home/aurel/work/Technology/SAAS/alphacore/frontend/node_modules/vite/dist/node/chunks/dep-BK3b2jBa.js:17082:19)
    at prepareOutDir (file:///home/aurel/work/Technology/SAAS/alphacore/frontend/node_modules/vite/dist/node/chunks/dep-BK3b2jBa.js:65746:7)
    at build (file:///home/aurel/work/Technology/SAAS/alphacore/frontend/node_modules/vite/dist/node/chunks/dep-BK3b2jBa.js:65711:7)
    at async CAC.<anonymous> (file:///home/aurel/work/Technology/SAAS/alphacore/frontend/node_modules/vite/dist/node/cli.js:829:5)
[0;32m✓ Frontend built → backend/staticfiles/frontend/[0m

[0;34m▶ Collecting static files[0m
[0;32m✓ Static files collected[0m
SPA catch-all already present

  ╔══════════════════════════════════════════════╗
  ║         ALPHACORE IS RUNNING  ✓              ║
  ╠══════════════════════════════════════════════╣
  ║  App    →  http://localhost:8080            ║
  ║  Admin  →  http://localhost:8080/admin/        ║
  ║  API    →  http://localhost:8080/api/          ║
  ╠══════════════════════════════════════════════╣
  ║  Press Ctrl+C to stop                        ║
  ╚══════════════════════════════════════════════╝

Performing system checks...

System check identified no issues (0 silenced).
March 21, 2026 - 14:24:22
Django version 4.2.11, using settings 'config.settings'
Starting development server at http://0.0.0.0:8080/
Quit the server with CONTROL-C.

[21/Mar/2026 14:24:33] "GET / HTTP/1.1" 200 619
[21/Mar/2026 14:24:33] "GET /assets/index-Bkk9pvGu.js HTTP/1.1" 200 671883
