
  ╔══════════════════════════════════════════════╗
  ║         AlphaCore — Investment Platform      ║
  ╚══════════════════════════════════════════════╝


[0;34m▶ Checking Python environment[0m
[0;32m✓ Python environment ready[0m

[0;34m▶ Running database migrations[0m
    Running deferred SQL...
Running migrations:
  No migrations to apply.
[0;32m✓ Database up to date[0m

[0;34m▶ Building frontend[0m
(!) Some chunks are larger than 500 kB after minification. Consider:
- Using dynamic import() to code-split the application
- Use build.rollupOptions.output.manualChunks to improve chunking: https://rollupjs.org/configuration-options/#output-manualchunks
- Adjust chunk size limit for this warning via build.chunkSizeWarningLimit.
✓ built in 6.52s
[0;32m✓ Frontend built → backend/staticfiles/frontend/[0m

[0;34m▶ Collecting static files[0m
[0;32m✓ Static files collected[0m
SPA catch-all already present

  ╔══════════════════════════════════════════════╗
  ║         ALPHACORE IS RUNNING  ✓              ║
  ╠══════════════════════════════════════════════╣
  ║  App    →  http://localhost:8080            ║
  ║  Admin  →  http://localhost:8080/admin/        ║
  ║  API    →  http://localhost:8080/api/          ║
  ╠══════════════════════════════════════════════╣
  ║  Press Ctrl+C to stop                        ║
  ╚══════════════════════════════════════════════╝

